Unity Editor version:    2020.3.18f1 (a7d1c678663c)
Branch:                  2020.3/staging
Build type:              Release
Batch mode:              YES
macOS version:           Version 11.5.1 (Build 20G80)
Darwin version:          20.6.0
Architecture:            x86_64
Running under Rosetta:   YES
Available memory:        16384 MB
Using pre-set license
Pro License: NO

COMMAND LINE ARGUMENTS:
/Applications/Unity/Hub/Editor/2020.3.18f1/Unity.app/Contents/MacOS/Unity
-adb2
-batchMode
-noUpm
-name
AssetImportWorker0
-projectPath
/Users/miataylor/Documents/GitHub/unity-project/project 2
-logFile
Logs/AssetImportWorker0.log
-srvPort
59954
Successfully changed project path to: /Users/miataylor/Documents/GitHub/unity-project/project 2
/Users/miataylor/Documents/GitHub/unity-project/project 2
Using Asset Import Pipeline V2.
Refreshing native plugins compatible for Editor in 37.83 ms, found 3 plugins.
Preloading 0 native plugins for Editor in 0.00 ms.
Initialize engine version: 2020.3.18f1 (a7d1c678663c)
[Subsystems] Discovering subsystems at path /Applications/Unity/Hub/Editor/2020.3.18f1/Unity.app/Contents/Resources/UnitySubsystems
[Subsystems] Discovering subsystems at path /Users/miataylor/Documents/GitHub/unity-project/project 2/Assets
GfxDevice: creating device client; threaded=0
2021-10-03 19:17:13.433 Unity[42368:2339753] (null) preferred device: Apple M1 (high power)
2021-10-03 19:17:13.433 Unity[42368:2339753] Metal devices available: 1
2021-10-03 19:17:13.433 Unity[42368:2339753] 0: Apple M1 (high power)
2021-10-03 19:17:13.433 Unity[42368:2339753] Using device Apple M1 (high power)
Initializing Metal device caps: Apple M1
Initialize mono
Mono path[0] = '/Applications/Unity/Hub/Editor/2020.3.18f1/Unity.app/Contents/Managed'
Mono path[1] = '/Applications/Unity/Hub/Editor/2020.3.18f1/Unity.app/Contents/MonoBleedingEdge/lib/mono/unityjit'
Mono config path = '/Applications/Unity/Hub/Editor/2020.3.18f1/Unity.app/Contents/MonoBleedingEdge/etc'
Using monoOptions --debugger-agent=transport=dt_socket,embedding=1,server=y,suspend=n,address=127.0.0.1:56368
Begin MonoManager ReloadAssembly
Registering precompiled unity dll's ...
Register platform support module: /Applications/Unity/Hub/Editor/2020.3.18f1/Unity.app/Contents/PlaybackEngines/MacStandaloneSupport/UnityEditor.OSXStandalone.Extensions.dll
Registered in 0.001896 seconds.
Native extension for OSXStandalone target not found
Refreshing native plugins compatible for Editor in 37.11 ms, found 3 plugins.
Preloading 0 native plugins for Editor in 0.00 ms.
Mono: successfully reloaded assembly
- Completed reload, in  2.051 seconds
Domain Reload Profiling:
	ReloadAssembly (2051ms)
		BeginReloadAssembly (78ms)
			ExecutionOrderSort (0ms)
			DisableScriptedObjects (0ms)
			BackupInstance (0ms)
			ReleaseScriptingObjects (0ms)
			CreateAndSetChildDomain (3ms)
		EndReloadAssembly (881ms)
			LoadAssemblies (75ms)
			RebuildTransferFunctionScriptingTraits (0ms)
			SetupTypeCache (178ms)
			ReleaseScriptCaches (0ms)
			RebuildScriptCaches (44ms)
			SetupLoadedEditorAssemblies (509ms)
				LogAssemblyErrors (0ms)
				InitializePlatformSupportModulesInManaged (10ms)
				SetLoadedEditorAssemblies (1ms)
				RefreshPlugins (37ms)
				BeforeProcessingInitializeOnLoad (22ms)
				ProcessInitializeOnLoadAttributes (330ms)
				ProcessInitializeOnLoadMethodAttributes (109ms)
				AfterProcessingInitializeOnLoad (0ms)
				EditorAssembliesLoaded (1ms)
			ExecutionOrderSort2 (0ms)
			AwakeInstancesAfterBackupRestoration (0ms)
Platform modules already initialized, skipping
Registering precompiled user dll's ...
Registered in 0.003152 seconds.
Begin MonoManager ReloadAssembly
Native extension for OSXStandalone target not found
Refreshing native plugins compatible for Editor in 36.99 ms, found 3 plugins.
Preloading 0 native plugins for Editor in 0.00 ms.
Mono: successfully reloaded assembly
- Completed reload, in  2.398 seconds
Domain Reload Profiling:
	ReloadAssembly (2401ms)
		BeginReloadAssembly (258ms)
			ExecutionOrderSort (0ms)
			DisableScriptedObjects (31ms)
			BackupInstance (0ms)
			ReleaseScriptingObjects (0ms)
			CreateAndSetChildDomain (39ms)
		EndReloadAssembly (2047ms)
			LoadAssemblies (188ms)
			RebuildTransferFunctionScriptingTraits (0ms)
			SetupTypeCache (335ms)
			ReleaseScriptCaches (0ms)
			RebuildScriptCaches (58ms)
			SetupLoadedEditorAssemblies (1128ms)
				LogAssemblyErrors (0ms)
				InitializePlatformSupportModulesInManaged (11ms)
				SetLoadedEditorAssemblies (1ms)
				RefreshPlugins (37ms)
				BeforeProcessingInitializeOnLoad (124ms)
				ProcessInitializeOnLoadAttributes (913ms)
				ProcessInitializeOnLoadMethodAttributes (41ms)
				AfterProcessingInitializeOnLoad (1ms)
				EditorAssembliesLoaded (0ms)
			ExecutionOrderSort2 (0ms)
			AwakeInstancesAfterBackupRestoration (34ms)
Platform modules already initialized, skipping
Validating Project structure ... 0.000090 seconds.
Shader import version has changed; will reimport all shaders...
Upgrading shader files ...0.000116 seconds.
Application.AssetDatabase Initial Script Refresh Start
RefreshInfo: InitialScriptRefreshV2(NoUpdateAssetOptions) scanfilter:  ... 1 filters
RefreshProfiler: Total: 0.000ms
Application.AssetDatabase Initial Script Refresh End
Application.AssetDatabase.Refresh Start
Application.AssetDatabase.Refresh End
RefreshInfo: StopAssetImportingV2(ForceSynchronousImport) scanfilter: 
RefreshProfiler: Total: 0.000ms
Launching external process: /Applications/Unity/Hub/Editor/2020.3.18f1/Unity.app/Contents/Tools/UnityShaderCompiler
Launched and connected shader compiler UnityShaderCompiler after 0.02 seconds
Initializing Unity extensions:
========================================================================
Worker process is ready to serve import requests
Refreshing native plugins compatible for Editor in 0.38 ms, found 3 plugins.
Preloading 0 native plugins for Editor in 0.00 ms.
Unloading 2091 Unused Serialized files (Serialized files now loaded: 0)
System memory in use before: 194.0 MB.
System memory in use after: 193.2 MB.

Unloading 99 unused Assets to reduce memory usage. Loaded Objects now: 2569.
Total: 2.588416 ms (FindLiveObjects: 0.133000 ms CreateObjectMapping: 0.042500 ms MarkObjects: 2.029834 ms  DeleteObjects: 0.382250 ms)

AssetImportParameters requested are different than current active one (requested -> active):
  custom:video-decoder-ogg-theora: a1e56fd34408186e4bbccfd4996cb3dc -> 
  custom:container-muxer-webm: aa71ff27fc2769a1b78a27578f13a17b -> 
  custom:container-demuxer-webm: 4f35f7cbe854078d1ac9338744f61a02 -> 
  custom:container-demuxer-ogg: 62fdf1f143b41e24485cea50d1cbac27 -> 
  custom:video-encoder-webm-vp8: eb34c28f22e8b96e1ab97ce403110664 -> 
  custom:framework-osx-AVFoundation: e770b220cccbd017edd2c1fefb359320 -> 
  custom:video-decoder-webm-vp8: 9c59270c3fd7afecdb556c50c9e8de78 -> 
  custom:audio-decoder-ogg-vorbis: bf7c407c2cedff20999df2af8eb42d56 -> 
  custom:audio-encoder-webm-vorbis: bf7c407c2cedff20999df2af8eb42d56 -> 
========================================================================
Received Import Request.
  path: Packages/com.unity.2d.spriteshape/Editor/ObjectMenuCreation/DefaultAssets/Sprite Shapes/Open Sprite Shape.prefab
  artifactKey: Guid(86ae7de409eb54f619fb1328e4d42480) Importer(815301076,1909f56bfc062723c751e8b465ee728b)
Start importing Packages/com.unity.2d.spriteshape/Editor/ObjectMenuCreation/DefaultAssets/Sprite Shapes/Open Sprite Shape.prefab using Guid(86ae7de409eb54f619fb1328e4d42480) Importer(815301076,1909f56bfc062723c751e8b465ee728b)  -> (artifact id: '1cd094d74455b6e3ebbdb90683f10d20') in 0.849304 seconds 
  Import took 0.852570 seconds .

========================================================================
Received Import Request.
  Time since last request: 0.002433 seconds.
  path: Packages/com.unity.2d.spriteshape/Editor/ObjectMenuCreation/DefaultAssets/Sprite Shapes/Closed Sprite Shape.prefab
  artifactKey: Guid(c0583b4e855c74b8c82e7b9b5efb5ce9) Importer(815301076,1909f56bfc062723c751e8b465ee728b)
Start importing Packages/com.unity.2d.spriteshape/Editor/ObjectMenuCreation/DefaultAssets/Sprite Shapes/Closed Sprite Shape.prefab using Guid(c0583b4e855c74b8c82e7b9b5efb5ce9) Importer(815301076,1909f56bfc062723c751e8b465ee728b)  -> (artifact id: 'c5c845828cede3f25819031102be01e1') in 0.014413 seconds 
  Import took 0.017397 seconds .

========================================================================
Received Import Request.
  Time since last request: 0.000338 seconds.
  path: Assets/Scenes
  artifactKey: Guid(aa5d920f1f5904be2842817aad0b29e3) Importer(815301076,1909f56bfc062723c751e8b465ee728b)
Start importing Assets/Scenes using Guid(aa5d920f1f5904be2842817aad0b29e3) Importer(815301076,1909f56bfc062723c751e8b465ee728b)  -> (artifact id: '57e3a6c080d0748e9d61758cbd0284d0') in 0.000581 seconds 
  Import took 0.002640 seconds .

========================================================================
Received Import Request.
  Time since last request: 2.145936 seconds.
  path: Packages/com.unity.2d.animation
  artifactKey: Guid(bb5c94055a953b6081dfc49350569eb1) Importer(815301076,1909f56bfc062723c751e8b465ee728b)
Start importing Packages/com.unity.2d.animation using Guid(bb5c94055a953b6081dfc49350569eb1) Importer(815301076,1909f56bfc062723c751e8b465ee728b)  -> (artifact id: '09fa518512abe465e781a54efa05d46a') in 0.001276 seconds 
  Import took 0.006066 seconds .

========================================================================
Received Import Request.
  Time since last request: 0.000909 seconds.
  path: Packages/com.unity.2d.animation
  artifactKey: Guid(bb5c94055a953b6081dfc49350569eb1) Importer(815301076,1909f56bfc062723c751e8b465ee728b)
Start importing Packages/com.unity.2d.animation using Guid(bb5c94055a953b6081dfc49350569eb1) Importer(815301076,1909f56bfc062723c751e8b465ee728b)  -> (artifact id: '09fa518512abe465e781a54efa05d46a') in 0.000996 seconds 
  Import took 0.004757 seconds .

========================================================================
Received Import Request.
  Time since last request: 0.067783 seconds.
  path: Packages/com.unity.2d.animation/package.json
  artifactKey: Guid(9e83c20a8293f44ec8a375d3805f477d) Importer(815301076,1909f56bfc062723c751e8b465ee728b)
Start importing Packages/com.unity.2d.animation/package.json using Guid(9e83c20a8293f44ec8a375d3805f477d) Importer(815301076,1909f56bfc062723c751e8b465ee728b)  -> (artifact id: '519ad1bf8fe5f847ba8bc5d602dfca65') in 1.398637 seconds 
  Import took 1.401669 seconds .

========================================================================
Received Prepare
Registering precompiled user dll's ...
Registered in 0.002597 seconds.
Begin MonoManager ReloadAssembly
Native extension for OSXStandalone target not found
Refreshing native plugins compatible for Editor in 0.39 ms, found 3 plugins.
Preloading 0 native plugins for Editor in 0.00 ms.
Mono: successfully reloaded assembly
- Completed reload, in  2.467 seconds
Domain Reload Profiling:
	ReloadAssembly (2468ms)
		BeginReloadAssembly (324ms)
			ExecutionOrderSort (0ms)
			DisableScriptedObjects (41ms)
			BackupInstance (0ms)
			ReleaseScriptingObjects (0ms)
			CreateAndSetChildDomain (167ms)
		EndReloadAssembly (2038ms)
			LoadAssemblies (201ms)
			RebuildTransferFunctionScriptingTraits (0ms)
			SetupTypeCache (331ms)
			ReleaseScriptCaches (1ms)
			RebuildScriptCaches (55ms)
			SetupLoadedEditorAssemblies (1156ms)
				LogAssemblyErrors (0ms)
				InitializePlatformSupportModulesInManaged (14ms)
				SetLoadedEditorAssemblies (2ms)
				RefreshPlugins (0ms)
				BeforeProcessingInitializeOnLoad (162ms)
				ProcessInitializeOnLoadAttributes (951ms)
				ProcessInitializeOnLoadMethodAttributes (26ms)
				AfterProcessingInitializeOnLoad (1ms)
				EditorAssembliesLoaded (0ms)
			ExecutionOrderSort2 (0ms)
			AwakeInstancesAfterBackupRestoration (44ms)
Platform modules already initialized, skipping
Refreshing native plugins compatible for Editor in 0.33 ms, found 3 plugins.
Preloading 0 native plugins for Editor in 0.00 ms.
Unloading 2125 Unused Serialized files (Serialized files now loaded: 0)
System memory in use before: 203.4 MB.
System memory in use after: 202.7 MB.

Unloading 26 unused Assets to reduce memory usage. Loaded Objects now: 2613.
Total: 2.459500 ms (FindLiveObjects: 0.133417 ms CreateObjectMapping: 0.040791 ms MarkObjects: 1.994834 ms  DeleteObjects: 0.289542 ms)

AssetImportParameters requested are different than current active one (requested -> active):
  custom:video-decoder-ogg-theora: a1e56fd34408186e4bbccfd4996cb3dc -> 
  custom:container-muxer-webm: aa71ff27fc2769a1b78a27578f13a17b -> 
  custom:container-demuxer-webm: 4f35f7cbe854078d1ac9338744f61a02 -> 
  custom:container-demuxer-ogg: 62fdf1f143b41e24485cea50d1cbac27 -> 
  custom:video-encoder-webm-vp8: eb34c28f22e8b96e1ab97ce403110664 -> 
  custom:framework-osx-AVFoundation: e770b220cccbd017edd2c1fefb359320 -> 
  custom:video-decoder-webm-vp8: 9c59270c3fd7afecdb556c50c9e8de78 -> 
  custom:audio-decoder-ogg-vorbis: bf7c407c2cedff20999df2af8eb42d56 -> 
  custom:audio-encoder-webm-vorbis: bf7c407c2cedff20999df2af8eb42d56 -> 
========================================================================
Received Import Request.
  Time since last request: 368.831771 seconds.
  path: Assets/Scenes/New Render Texture.renderTexture
  artifactKey: Guid(09e17c8310489416bb912e94684abd3b) Importer(815301076,1909f56bfc062723c751e8b465ee728b)
Start importing Assets/Scenes/New Render Texture.renderTexture using Guid(09e17c8310489416bb912e94684abd3b) Importer(815301076,1909f56bfc062723c751e8b465ee728b)  -> (artifact id: 'e6aafdbb2f0cf5c30ef464f610d8ebe8') in 0.254774 seconds 
  Import took 0.257668 seconds .

========================================================================
Received Import Request.
  Time since last request: 90.582709 seconds.
  path: Assets/2D Hand Painted/2D Hand Painted.asmdef
  artifactKey: Guid(1a8947e718e8e480c976e689219e8872) Importer(815301076,1909f56bfc062723c751e8b465ee728b)
Start importing Assets/2D Hand Painted/2D Hand Painted.asmdef using Guid(1a8947e718e8e480c976e689219e8872) Importer(815301076,1909f56bfc062723c751e8b465ee728b)  -> (artifact id: '079dba1bf7b9129108efdc219bcc61d6') in 0.086797 seconds 
  Import took 0.089604 seconds .

========================================================================
Received Import Request.
  Time since last request: 0.001876 seconds.
  path: Assets/2D Hand Painted/TagsLayers.preset
  artifactKey: Guid(74ba7668d9eb4444b9cdbca9e68627c3) Importer(815301076,1909f56bfc062723c751e8b465ee728b)
Start importing Assets/2D Hand Painted/TagsLayers.preset using Guid(74ba7668d9eb4444b9cdbca9e68627c3) Importer(815301076,1909f56bfc062723c751e8b465ee728b)  -> (artifact id: '129021e4f42234800b90540f90bbddb7') in 0.079609 seconds 
  Import took 0.082125 seconds .

========================================================================
Received Import Request.
  Time since last request: 3.873961 seconds.
  path: Assets/2D Hand Painted/Sample/_PackMeta.asset
  artifactKey: Guid(14a4dfcb815c84d3da3a1ce48068fc4c) Importer(815301076,1909f56bfc062723c751e8b465ee728b)
Start importing Assets/2D Hand Painted/Sample/_PackMeta.asset using Guid(14a4dfcb815c84d3da3a1ce48068fc4c) Importer(815301076,1909f56bfc062723c751e8b465ee728b)  -> (artifact id: '315591a39f97e6a3e9a465c0251277f2') in 0.102864 seconds 
  Import took 0.106814 seconds .

========================================================================
Received Import Request.
  Time since last request: 5.727152 seconds.
  path: Assets/2D Hand Painted/$Common/Materials
  artifactKey: Guid(76df4bf71b14a42efbfa248bd6115819) Importer(815301076,1909f56bfc062723c751e8b465ee728b)
Start importing Assets/2D Hand Painted/$Common/Materials using Guid(76df4bf71b14a42efbfa248bd6115819) Importer(815301076,1909f56bfc062723c751e8b465ee728b)  -> (artifact id: '62855d2b28901ce490eddd0f9f781c87') in 0.000725 seconds 
  Import took 0.003491 seconds .

========================================================================
Received Import Request.
  Time since last request: 5.992496 seconds.
  path: Assets/2D Hand Painted/$Common/Materials/Hand Painted – Butterfly Particle.mat
  artifactKey: Guid(9241d0a8c6df24bfcb098b2341886eb7) Importer(815301076,1909f56bfc062723c751e8b465ee728b)
Start importing Assets/2D Hand Painted/$Common/Materials/Hand Painted – Butterfly Particle.mat using Guid(9241d0a8c6df24bfcb098b2341886eb7) Importer(815301076,1909f56bfc062723c751e8b465ee728b)  -> (artifact id: 'afad0a5ff294e10c772d35c420a3fd2e') in 0.207363 seconds 
  Import took 0.210564 seconds .

========================================================================
Received Import Request.
  Time since last request: 0.001987 seconds.
  path: Assets/2D Hand Painted/$Common/Materials/Hand Painted – Fire Sparks Particle.mat
  artifactKey: Guid(cb13d7cdb5fad487d94f1f1fcadf9233) Importer(815301076,1909f56bfc062723c751e8b465ee728b)
Start importing Assets/2D Hand Painted/$Common/Materials/Hand Painted – Fire Sparks Particle.mat using Guid(cb13d7cdb5fad487d94f1f1fcadf9233) Importer(815301076,1909f56bfc062723c751e8b465ee728b)  -> (artifact id: '8c20766120a1e01cc10a8ca9fb9cec44') in 0.012314 seconds 
  Import took 0.014873 seconds .

========================================================================
Received Import Request.
  Time since last request: 0.000339 seconds.
  path: Assets/2D Hand Painted/$Common/Materials/Hand Painted – Rays Particle.mat
  artifactKey: Guid(c59deaff87d584d55843d45142033603) Importer(815301076,1909f56bfc062723c751e8b465ee728b)
Start importing Assets/2D Hand Painted/$Common/Materials/Hand Painted – Rays Particle.mat using Guid(c59deaff87d584d55843d45142033603) Importer(815301076,1909f56bfc062723c751e8b465ee728b)  -> (artifact id: 'fc440c5b9f04289ba82e71d19265dd0e') in 0.006506 seconds 
  Import took 0.009308 seconds .

========================================================================
Received Import Request.
  Time since last request: 0.000304 seconds.
  path: Assets/2D Hand Painted/$Common/Materials/Hand Painted – Dust Particle.mat
  artifactKey: Guid(76c6126eadf594735b7e30360d634404) Importer(815301076,1909f56bfc062723c751e8b465ee728b)
Start importing Assets/2D Hand Painted/$Common/Materials/Hand Painted – Dust Particle.mat using Guid(76c6126eadf594735b7e30360d634404) Importer(815301076,1909f56bfc062723c751e8b465ee728b)  -> (artifact id: 'd7218ad2d9dc28f009701bf63c19ab78') in 0.006208 seconds 
  Import took 0.008563 seconds .

========================================================================
Received Import Request.
  Time since last request: 0.000190 seconds.
  path: Assets/2D Hand Painted/$Common/Materials/Hand Painted – Fire Smoke Particle.mat
  artifactKey: Guid(7aebdb4460bc14eaea8f1e9f07ae4dfe) Importer(815301076,1909f56bfc062723c751e8b465ee728b)
Start importing Assets/2D Hand Painted/$Common/Materials/Hand Painted – Fire Smoke Particle.mat using Guid(7aebdb4460bc14eaea8f1e9f07ae4dfe) Importer(815301076,1909f56bfc062723c751e8b465ee728b)  -> (artifact id: '570cb21c4df07dca7a40b90b1faa105f') in 0.005911 seconds 
  Import took 0.008369 seconds .

========================================================================
Received Import Request.
  Time since last request: 0.000265 seconds.
  path: Assets/2D Hand Painted/$Common/Materials/Hand Painted – Glitter Particle.mat
  artifactKey: Guid(9daeb7c012336475a899aac4243cf959) Importer(815301076,1909f56bfc062723c751e8b465ee728b)
Start importing Assets/2D Hand Painted/$Common/Materials/Hand Painted – Glitter Particle.mat using Guid(9daeb7c012336475a899aac4243cf959) Importer(815301076,1909f56bfc062723c751e8b465ee728b)  -> (artifact id: 'c37f645ae8a10713330869f8dc418435') in 0.005738 seconds 
  Import took 0.008175 seconds .

========================================================================
Received Import Request.
  Time since last request: 0.000227 seconds.
  path: Assets/2D Hand Painted/$Common/Materials/Hand Painted – No Fog.mat
  artifactKey: Guid(8ddf5f755b4854bc7ad93092f8d7f666) Importer(815301076,1909f56bfc062723c751e8b465ee728b)
Start importing Assets/2D Hand Painted/$Common/Materials/Hand Painted – No Fog.mat using Guid(8ddf5f755b4854bc7ad93092f8d7f666) Importer(815301076,1909f56bfc062723c751e8b465ee728b)  -> (artifact id: '65a507ba8634ab0493468594011bb6c3') in 0.006929 seconds 
  Import took 0.009363 seconds .

========================================================================
Received Import Request.
  Time since last request: 135.064307 seconds.
  path: Assets/New Custom Render Texture.asset
  artifactKey: Guid(3ab38a81f314b47f3bbd9b8f7f3c240c) Importer(815301076,1909f56bfc062723c751e8b465ee728b)
Start importing Assets/New Custom Render Texture.asset using Guid(3ab38a81f314b47f3bbd9b8f7f3c240c) Importer(815301076,1909f56bfc062723c751e8b465ee728b)  -> (artifact id: '2c987a48784067f2f048e3c6565ec36f') in 0.026295 seconds 
  Import took 0.029439 seconds .

